// 重构日志: ca0a91a4
// 重构日志: e014d619
// 同步 ID: 4c761e29 @ Thu Jul  2 11:16:00 UTC 2026
// 重构日志: 2d0ab9ab
// 同步 ID: 6020d94c @ Fri Jul  3 17:29:50 UTC 2026
// 重构日志: 85e66f1d
// 重构日志: 9c93d131
// 同步 ID: 5a193961 @ Thu Jul  9 10:24:21 UTC 2026
// 同步 ID: 80dd91c1 @ Fri Jul 10 01:03:03 UTC 2026
// 重构日志: ddc5393a
// 重构日志: 486d8f34
// 同步 ID: e4801f36 @ Sat Jul 11 17:24:42 UTC 2026
// 重构日志: 51ebe497
// 同步 ID: be60ccc0 @ Sun Jul 12 14:37:36 UTC 2026
// 重构日志: 3e0b04ab
// 重构日志: 8956cf87
// 重构日志: 4347f87b
// 重构日志: 4457af00
// 重构日志: 6a17dd16
// 重构日志: fba7db4d
// 重构日志: febc57a9
// 重构日志: df65b752
// 重构日志: b7df19b9
// 重构日志: d01731f8
// 重构日志: e61678de
// 重构日志: 97e7c9c6
// 重构日志: f8c168db
// 重构日志: 20b4306d
// 同步 ID: 7af4329f @ Tue Jul 21 03:59:31 UTC 2026
// 同步 ID: d739cf59 @ Tue Jul 21 07:25:47 UTC 2026
